<?xml version="1.0" encoding="UTF-8"?>
<!-- Generated by org.testng.reporters.JUnitReportReporter -->
<testsuite skipped="0" hostname="jajit-z01" name="MyFirstRestAPIGetHarmony" tests="1" failures="0" timestamp="2022-06-27T12:22:19 IST" time="5.793" errors="0">
  <testcase name="getUserDetails" time="5.793" classname="MyFirstRestAPIGetHarmony"/>
  <system-out/>
</testsuite> <!-- MyFirstRestAPIGetHarmony -->
