<?xml version="1.0" encoding="UTF-8"?>
<!-- Generated by org.testng.reporters.JUnitReportReporter -->
<testsuite skipped="0" hostname="jajit-z01" name="datadriventesting.DataDrivenTest_AddNewEmployee" tests="1" failures="0" timestamp="2022-02-21T11:27:38 IST" time="4.123" errors="0">
  <testcase name="addNewEmployee" time="4.123" classname="datadriventesting.DataDrivenTest_AddNewEmployee"/>
  <system-out/>
</testsuite> <!-- datadriventesting.DataDrivenTest_AddNewEmployee -->
