<?xml version="1.0" encoding="UTF-8"?>
<!-- Generated by org.testng.reporters.JUnitReportReporter -->
<testsuite skipped="0" hostname="jajit-z01" name="TC003_GET_Request" tests="1" failures="0" timestamp="2022-02-18T17:34:38 IST" time="3.798" errors="0">
  <testcase name="singleUser" time="3.798" classname="TC003_GET_Request"/>
  <system-out/>
</testsuite> <!-- TC003_GET_Request -->
