<?xml version="1.0" encoding="UTF-8"?>
<!-- Generated by org.testng.reporters.JUnitReportReporter -->
<testsuite skipped="0" hostname="jajit-z01" name="TC001_GET_Request" tests="1" failures="0" timestamp="2022-06-27T12:13:26 IST" time="6.163" errors="0">
  <testcase name="getUserDetails" time="6.163" classname="TC001_GET_Request"/>
  <system-out/>
</testsuite> <!-- TC001_GET_Request -->
