<?xml version="1.0" encoding="UTF-8"?>
<!-- Generated by org.testng.reporters.JUnitReportReporter -->
<testsuite skipped="0" hostname="jajit-z01" name="TC004_GET_ValidatingJSONResponse" tests="1" failures="0" timestamp="2022-02-18T18:17:59 IST" time="4.887" errors="0">
  <testcase name="jsonResponse" time="4.887" classname="TC004_GET_ValidatingJSONResponse"/>
  <system-out/>
</testsuite> <!-- TC004_GET_ValidatingJSONResponse -->
