<?xml version="1.0" encoding="UTF-8"?>
<!-- Generated by org.testng.reporters.JUnitReportReporter -->
<testsuite skipped="0" hostname="jajit-z01" name="TC002_POST_Request" tests="1" failures="0" timestamp="2022-02-18T17:00:50 IST" time="4.602" errors="0">
  <testcase name="registrationSuccessfull" time="4.602" classname="TC002_POST_Request"/>
  <system-out/>
</testsuite> <!-- TC002_POST_Request -->
